[17:27:30] [Client thread/INFO]: Setting user: Player84
[17:27:32] [Client thread/INFO]: LWJGL Version: 2.9.1
[17:27:36] [Client thread/INFO]: Reloading ResourceManager: Default, FMLFileResourcePack:Forge Mod Loader, FMLFileResourcePack:Minecraft Forge, FMLFileResourcePack:Black Magic
[17:27:36] [Sound Library Loader/INFO]: Starting up SoundSystem...
[17:27:36] [Thread-9/INFO]: Initializing LWJGL OpenAL
[17:27:36] [Thread-9/INFO]: (The LWJGL binding of OpenAL.  For more information, see http://www.lwjgl.org)
[17:27:36] [Thread-9/INFO]: OpenAL initialized.
[17:27:37] [Sound Library Loader/INFO]: Sound engine started
[17:27:46] [Client thread/INFO]: Created: 16x16 textures-atlas
[17:27:47] [Client thread/INFO]: Reloading ResourceManager: Default, FMLFileResourcePack:Forge Mod Loader, FMLFileResourcePack:Minecraft Forge, FMLFileResourcePack:Black Magic
[17:27:47] [Client thread/INFO]: SoundSystem shutting down...
[17:27:47] [Client thread/WARN]: Author: Paul Lamb, www.paulscode.com
[17:27:47] [Sound Library Loader/INFO]: Starting up SoundSystem...
[17:27:47] [Thread-11/INFO]: Initializing LWJGL OpenAL
[17:27:47] [Thread-11/INFO]: (The LWJGL binding of OpenAL.  For more information, see http://www.lwjgl.org)
[17:27:47] [Thread-11/INFO]: OpenAL initialized.
[17:27:48] [Sound Library Loader/INFO]: Sound engine started
[17:27:51] [Client thread/INFO]: Created: 512x512 textures-atlas
[17:27:55] [Server thread/INFO]: Starting integrated minecraft server version 1.8
[17:27:55] [Server thread/INFO]: Generating keypair
[17:27:56] [Server thread/INFO]: Preparing start region for level 0
[17:27:56] [Server thread/INFO]: Changing view distance to 5, from 10
[17:27:57] [Server thread/INFO]: Player84[local:E:09beb4c2] logged in with entity id 21 at (-340.944278125347, 53.739016789304436, 217.63401758692484)
[17:27:57] [Server thread/INFO]: Player84 joined the game
[17:28:00] [Server thread/INFO]: Player84 has just earned the achievement [Taking Inventory]
[17:28:00] [Client thread/INFO]: [CHAT] Player84 has just earned the achievement [Taking Inventory]
[17:29:03] [Client thread/INFO]: Stopping!
[17:29:03] [Client thread/INFO]: SoundSystem shutting down...
[17:29:03] [Server thread/INFO]: Stopping server
[17:29:03] [Server thread/INFO]: Saving players
[17:29:03] [Server thread/INFO]: Saving worlds
[17:29:03] [Server thread/INFO]: Saving chunks for level 'New World'/Overworld
[17:29:03] [Server thread/INFO]: Saving chunks for level 'New World'/Nether
[17:29:03] [Server thread/INFO]: Saving chunks for level 'New World'/The End
[17:29:03] [Client thread/WARN]: Author: Paul Lamb, www.paulscode.com
